<?xml version="1.0" encoding="UTF-8"?>
<!-- Generated by org.testng.reporters.JUnitXMLReporter -->
<testsuite hostname="Saurabhs-MacBook-Pro.local" name="Default test" tests="6" failures="0" timestamp="26 Jun 2018 00:57:02 GMT" time="11.927" errors="0">
  <testcase name="successfullAccountCreationValidation" time="7.691" classname="com.test.automation.uiAutomation.AuthPageValidation.accountCreateionValidation"/>
  <testcase name="successfullAccountCreationValidation" time="0.001" classname="com.test.automation.uiAutomation.AuthPageValidation.accountCreateionValidation">
    <skipped/>
  </testcase> <!-- successfullAccountCreationValidation -->
  <testcase name="successfullAccountCreationValidation" time="0.001" classname="com.test.automation.uiAutomation.AuthPageValidation.accountCreateionValidation">
    <skipped/>
  </testcase> <!-- successfullAccountCreationValidation -->
  <testcase name="successfullAccountCreationValidation" time="0.001" classname="com.test.automation.uiAutomation.AuthPageValidation.accountCreateionValidation">
    <skipped/>
  </testcase> <!-- successfullAccountCreationValidation -->
  <testcase name="successfullAccountCreationValidation" time="0.002" classname="com.test.automation.uiAutomation.AuthPageValidation.accountCreateionValidation">
    <skipped/>
  </testcase> <!-- successfullAccountCreationValidation -->
  <testcase name="successfullAccountCreationValidation" time="0.001" classname="com.test.automation.uiAutomation.AuthPageValidation.accountCreateionValidation">
    <skipped/>
  </testcase> <!-- successfullAccountCreationValidation -->
</testsuite> <!-- Default test -->
