<?xml version="1.0" encoding="UTF-8"?>
<!-- Generated by org.testng.reporters.JUnitXMLReporter -->
<testsuite hostname="Saurabhs-MacBook-Pro.local" name="AuthPageValidation" tests="6" failures="0" timestamp="26 Jun 2018 01:09:37 GMT" time="11.521" errors="0">
  <testcase name="successfullAccountCreationValidation" time="6.91" classname="com.test.automation.uiAutomation.AuthPageValidation.accountCreateionValidation"/>
  <testcase name="successfullAccountCreationValidation" time="0.001" classname="com.test.automation.uiAutomation.AuthPageValidation.accountCreateionValidation">
    <skipped/>
  </testcase> <!-- successfullAccountCreationValidation -->
  <testcase name="successfullAccountCreationValidation" time="0.001" classname="com.test.automation.uiAutomation.AuthPageValidation.accountCreateionValidation">
    <skipped/>
  </testcase> <!-- successfullAccountCreationValidation -->
  <testcase name="successfullAccountCreationValidation" time="0.001" classname="com.test.automation.uiAutomation.AuthPageValidation.accountCreateionValidation">
    <skipped/>
  </testcase> <!-- successfullAccountCreationValidation -->
  <testcase name="successfullAccountCreationValidation" time="0.001" classname="com.test.automation.uiAutomation.AuthPageValidation.accountCreateionValidation">
    <skipped/>
  </testcase> <!-- successfullAccountCreationValidation -->
  <testcase name="successfullAccountCreationValidation" time="0.0" classname="com.test.automation.uiAutomation.AuthPageValidation.accountCreateionValidation">
    <skipped/>
  </testcase> <!-- successfullAccountCreationValidation -->
</testsuite> <!-- AuthPageValidation -->
