<?xml version="1.0" encoding="UTF-8"?>
<testsuite name="AuthPageValidation"
           tests="6"
           failures="0"
           errors="0"
           skipped="5"
           time="6.914">
  <properties />
  
            <testcase name="successfullAccountCreationValidation" time="0.0" classname="com.test.automation.uiAutomation.AuthPageValidation.accountCreateionValidation">
          <skipped />
    </testcase>
            <testcase name="successfullAccountCreationValidation" time="0.0" classname="com.test.automation.uiAutomation.AuthPageValidation.accountCreateionValidation">
          <skipped />
    </testcase>
            <testcase name="successfullAccountCreationValidation" time="0.0" classname="com.test.automation.uiAutomation.AuthPageValidation.accountCreateionValidation">
          <skipped />
    </testcase>
            <testcase name="successfullAccountCreationValidation" time="0.0" classname="com.test.automation.uiAutomation.AuthPageValidation.accountCreateionValidation">
          <skipped />
    </testcase>
            <testcase name="successfullAccountCreationValidation" time="0.0" classname="com.test.automation.uiAutomation.AuthPageValidation.accountCreateionValidation">
          <skipped />
    </testcase>
  
            <testcase name="successfullAccountCreationValidation" time="6.910" classname="com.test.automation.uiAutomation.AuthPageValidation.accountCreateionValidation" />
      
</testsuite>
