<?xml version="1.0" encoding="UTF-8"?>
<testng-results skipped="5" failed="0" total="6" passed="1">
  <reporter-output>
    <line>
      <![CDATA[<a href='/Users/saurabhsharma/Automation_Workspace/UI_Automation/FirstClone/uiAutomationRepo/src/main/java/com/test/automation/uiAutomation/screenshot/EnterPersonalInfo :pripeee@priepp.com_25_06_2018_08_09_33.png'> <img src='/Users/saurabhsharma/Automation_Workspace/UI_Automation/FirstClone/uiAutomationRepo/src/main/java/com/test/automation/uiAutomation/screenshot/EnterPersonalInfo :pripeee@priepp.com_25_06_2018_08_09_33.png' height='100' width='100'/> </a>]]>
    </line>
    <line>
      <![CDATA[<a href='/Users/saurabhsharma/Automation_Workspace/UI_Automation/FirstClone/uiAutomationRepo/src/main/java/com/test/automation/uiAutomation/screenshot/EnterAddressInfo :pripeee@priepp.com_25_06_2018_08_09_35.png'> <img src='/Users/saurabhsharma/Automation_Workspace/UI_Automation/FirstClone/uiAutomationRepo/src/main/java/com/test/automation/uiAutomation/screenshot/EnterAddressInfo :pripeee@priepp.com_25_06_2018_08_09_35.png' height='100' width='100'/> </a>]]>
    </line>
    <line>
      <![CDATA[<a href='/Users/saurabhsharma/Automation_Workspace/UI_Automation/FirstClone/uiAutomationRepo/src/main/java/com/test/automation/uiAutomation/screenshot/WelcomeToYourAccount :pripeee@priepp.com_25_06_2018_08_09_36.png'> <img src='/Users/saurabhsharma/Automation_Workspace/UI_Automation/FirstClone/uiAutomationRepo/src/main/java/com/test/automation/uiAutomation/screenshot/WelcomeToYourAccount :pripeee@priepp.com_25_06_2018_08_09_36.png' height='100' width='100'/> </a>]]>
    </line>
  </reporter-output>
  <suite name="Suite" duration-ms="11521" started-at="2018-06-26T01:09:26Z" finished-at="2018-06-26T01:09:37Z">
    <groups>
    </groups>
    <test name="AuthPageValidation" duration-ms="11521" started-at="2018-06-26T01:09:26Z" finished-at="2018-06-26T01:09:37Z">
      <class name="com.test.automation.uiAutomation.AuthPageValidation.accountCreateionValidation">
        <test-method status="PASS" signature="setup()[pri:0, instance:com.test.automation.uiAutomation.AuthPageValidation.accountCreateionValidation@27ae2fd0]" name="setup" is-config="true" duration-ms="3699" started-at="2018-06-25T20:09:26Z" finished-at="2018-06-25T20:09:29Z">
          <reporter-output>
          </reporter-output>
        </test-method> <!-- setup -->
        <test-method status="PASS" signature="beforeMethod(java.lang.reflect.Method)[pri:0, instance:com.test.automation.uiAutomation.AuthPageValidation.accountCreateionValidation@27ae2fd0]" name="beforeMethod" is-config="true" duration-ms="4" started-at="2018-06-25T20:09:30Z" finished-at="2018-06-25T20:09:30Z">
          <params>
            <param index="0">
              <value>
                <![CDATA[public void com.test.automation.uiAutomation.AuthPageValidation.accountCreateionValidation.successfullAccountCreationValidation(java.lang.String,java.lang.String,java.lang.String,java.lang.String,java.lang.String,java.lang.String,java.lang.String,java.lang.String,java.lang.String,java.lang.String,java.lang.String,java.lang.String,java.lang.String,java.lang.String,java.lang.String,java.lang.String)]]>
              </value>
            </param>
          </params>
          <reporter-output>
          </reporter-output>
        </test-method> <!-- beforeMethod -->
        <test-method status="PASS" signature="successfullAccountCreationValidation(java.lang.String, java.lang.String, java.lang.String, java.lang.String, java.lang.String, java.lang.String, java.lang.String, java.lang.String, java.lang.String, java.lang.String, java.lang.String, java.lang.String, java.lang.String, java.lang.String, java.lang.String, java.lang.String)[pri:0, instance:com.test.automation.uiAutomation.AuthPageValidation.accountCreateionValidation@27ae2fd0]" name="successfullAccountCreationValidation" duration-ms="6910" started-at="2018-06-25T20:09:30Z" data-provider="AccountCreationData" finished-at="2018-06-25T20:09:37Z">
          <params>
            <param index="0">
              <value>
                <![CDATA[pripeee@priepp.com]]>
              </value>
            </param>
            <param index="1">
              <value>
                <![CDATA[Male]]>
              </value>
            </param>
            <param index="2">
              <value>
                <![CDATA[Saurabh]]>
              </value>
            </param>
            <param index="3">
              <value>
                <![CDATA[Sharma]]>
              </value>
            </param>
            <param index="4">
              <value>
                <![CDATA[Shriya1@2015]]>
              </value>
            </param>
            <param index="5">
              <value>
                <![CDATA[22]]>
              </value>
            </param>
            <param index="6">
              <value>
                <![CDATA[12.0]]>
              </value>
            </param>
            <param index="7">
              <value>
                <![CDATA[1985.0]]>
              </value>
            </param>
            <param index="8">
              <value>
                <![CDATA[5630 N Sheridan]]>
              </value>
            </param>
            <param index="9">
              <value>
                <![CDATA[Chicago]]>
              </value>
            </param>
            <param index="10">
              <value>
                <![CDATA[60661.0]]>
              </value>
            </param>
            <param index="11">
              <value>
                <![CDATA[Illinois]]>
              </value>
            </param>
            <param index="12">
              <value>
                <![CDATA[21.0]]>
              </value>
            </param>
            <param index="13">
              <value>
                <![CDATA[1.112223334E9]]>
              </value>
            </param>
            <param index="14">
              <value>
                <![CDATA[Home]]>
              </value>
            </param>
            <param index="15">
              <value>
                <![CDATA[Y]]>
              </value>
            </param>
          </params>
          <reporter-output>
            <line>
              <![CDATA[<a href='/Users/saurabhsharma/Automation_Workspace/UI_Automation/FirstClone/uiAutomationRepo/src/main/java/com/test/automation/uiAutomation/screenshot/EnterPersonalInfo :pripeee@priepp.com_25_06_2018_08_09_33.png'> <img src='/Users/saurabhsharma/Automation_Workspace/UI_Automation/FirstClone/uiAutomationRepo/src/main/java/com/test/automation/uiAutomation/screenshot/EnterPersonalInfo :pripeee@priepp.com_25_06_2018_08_09_33.png' height='100' width='100'/> </a>]]>
            </line>
            <line>
              <![CDATA[<a href='/Users/saurabhsharma/Automation_Workspace/UI_Automation/FirstClone/uiAutomationRepo/src/main/java/com/test/automation/uiAutomation/screenshot/EnterAddressInfo :pripeee@priepp.com_25_06_2018_08_09_35.png'> <img src='/Users/saurabhsharma/Automation_Workspace/UI_Automation/FirstClone/uiAutomationRepo/src/main/java/com/test/automation/uiAutomation/screenshot/EnterAddressInfo :pripeee@priepp.com_25_06_2018_08_09_35.png' height='100' width='100'/> </a>]]>
            </line>
            <line>
              <![CDATA[<a href='/Users/saurabhsharma/Automation_Workspace/UI_Automation/FirstClone/uiAutomationRepo/src/main/java/com/test/automation/uiAutomation/screenshot/WelcomeToYourAccount :pripeee@priepp.com_25_06_2018_08_09_36.png'> <img src='/Users/saurabhsharma/Automation_Workspace/UI_Automation/FirstClone/uiAutomationRepo/src/main/java/com/test/automation/uiAutomation/screenshot/WelcomeToYourAccount :pripeee@priepp.com_25_06_2018_08_09_36.png' height='100' width='100'/> </a>]]>
            </line>
          </reporter-output>
        </test-method> <!-- successfullAccountCreationValidation -->
        <test-method status="PASS" signature="afterMethod(org.testng.ITestResult)[pri:0, instance:com.test.automation.uiAutomation.AuthPageValidation.accountCreateionValidation@27ae2fd0]" name="afterMethod" is-config="true" duration-ms="0" started-at="2018-06-25T20:09:37Z" finished-at="2018-06-25T20:09:37Z">
          <params>
            <param index="0">
              <value>
                <![CDATA[[TestResult name=successfullAccountCreationValidation status=SUCCESS method=accountCreateionValidation.successfullAccountCreationValidation(java.lang.String, java.lang.String, java.lang.String, java.lang.String, java.lang.String, java.lang.String, java.lang.String, java.lang.String, java.lang.String, java.lang.String, java.lang.String, java.lang.String, java.lang.String, java.lang.String, java.lang.String, java.lang.String)[pri:0, instance:com.test.automation.uiAutomation.AuthPageValidation.accountCreateionValidation@27ae2fd0] output=<a href='/Users/saurabhsharma/Automation_Workspace/UI_Automation/FirstClone/uiAutomationRepo/src/main/java/com/test/automation/uiAutomation/screenshot/EnterPersonalInfo :pripeee@priepp.com_25_06_2018_08_09_33.png'> <img src='/Users/saurabhsharma/Automation_Workspace/UI_Automation/FirstClone/uiAutomationRepo/src/main/java/com/test/automation/uiAutomation/screenshot/EnterPersonalInfo :pripeee@priepp.com_25_06_2018_08_09_33.png' height='100' width='100'/> </a>]]]>
              </value>
            </param>
          </params>
          <reporter-output>
          </reporter-output>
        </test-method> <!-- afterMethod -->
        <test-method status="PASS" signature="beforeMethod(java.lang.reflect.Method)[pri:0, instance:com.test.automation.uiAutomation.AuthPageValidation.accountCreateionValidation@27ae2fd0]" name="beforeMethod" is-config="true" duration-ms="1" started-at="2018-06-25T20:09:37Z" finished-at="2018-06-25T20:09:37Z">
          <params>
            <param index="0">
              <value>
                <![CDATA[public void com.test.automation.uiAutomation.AuthPageValidation.accountCreateionValidation.successfullAccountCreationValidation(java.lang.String,java.lang.String,java.lang.String,java.lang.String,java.lang.String,java.lang.String,java.lang.String,java.lang.String,java.lang.String,java.lang.String,java.lang.String,java.lang.String,java.lang.String,java.lang.String,java.lang.String,java.lang.String)]]>
              </value>
            </param>
          </params>
          <reporter-output>
          </reporter-output>
        </test-method> <!-- beforeMethod -->
        <test-method status="SKIP" signature="successfullAccountCreationValidation(java.lang.String, java.lang.String, java.lang.String, java.lang.String, java.lang.String, java.lang.String, java.lang.String, java.lang.String, java.lang.String, java.lang.String, java.lang.String, java.lang.String, java.lang.String, java.lang.String, java.lang.String, java.lang.String)[pri:0, instance:com.test.automation.uiAutomation.AuthPageValidation.accountCreateionValidation@27ae2fd0]" name="successfullAccountCreationValidation" duration-ms="1" started-at="2018-06-25T20:09:37Z" data-provider="AccountCreationData" finished-at="2018-06-25T20:09:37Z">
          <params>
            <param index="0">
              <value>
                <![CDATA[saurabhsharma81285@gmail.com]]>
              </value>
            </param>
            <param index="1">
              <value>
                <![CDATA[Male]]>
              </value>
            </param>
            <param index="2">
              <value>
                <![CDATA[Saurabh]]>
              </value>
            </param>
            <param index="3">
              <value>
                <![CDATA[Sharma]]>
              </value>
            </param>
            <param index="4">
              <value>
                <![CDATA[Shriya1@2015]]>
              </value>
            </param>
            <param index="5">
              <value>
                <![CDATA[22]]>
              </value>
            </param>
            <param index="6">
              <value>
                <![CDATA[12.0]]>
              </value>
            </param>
            <param index="7">
              <value>
                <![CDATA[1985.0]]>
              </value>
            </param>
            <param index="8">
              <value>
                <![CDATA[5630 N Sheridan]]>
              </value>
            </param>
            <param index="9">
              <value>
                <![CDATA[Chicago]]>
              </value>
            </param>
            <param index="10">
              <value>
                <![CDATA[60661.0]]>
              </value>
            </param>
            <param index="11">
              <value>
                <![CDATA[Illinois]]>
              </value>
            </param>
            <param index="12">
              <value>
                <![CDATA[21.0]]>
              </value>
            </param>
            <param index="13">
              <value>
                <![CDATA[1.112223334E9]]>
              </value>
            </param>
            <param index="14">
              <value>
                <![CDATA[Home]]>
              </value>
            </param>
            <param index="15">
              <value>
                <![CDATA[N]]>
              </value>
            </param>
          </params>
          <exception class="org.testng.SkipException">
            <message>
              <![CDATA[User has marked this test as no run.]]>
            </message>
            <full-stacktrace>
              <![CDATA[org.testng.SkipException: User has marked this test as no run.
	at com.test.automation.uiAutomation.AuthPageValidation.accountCreateionValidation.successfullAccountCreationValidation(accountCreateionValidation.java:37)
	at sun.reflect.NativeMethodAccessorImpl.invoke0(Native Method)
	at sun.reflect.NativeMethodAccessorImpl.invoke(NativeMethodAccessorImpl.java:62)
	at sun.reflect.DelegatingMethodAccessorImpl.invoke(DelegatingMethodAccessorImpl.java:43)
	at java.lang.reflect.Method.invoke(Method.java:497)
	at org.testng.internal.MethodInvocationHelper.invokeMethod(MethodInvocationHelper.java:86)
	at org.testng.internal.Invoker.invokeMethod(Invoker.java:643)
	at org.testng.internal.Invoker.invokeTestMethod(Invoker.java:820)
	at org.testng.internal.Invoker.invokeTestMethods(Invoker.java:1128)
	at org.testng.internal.TestMethodWorker.invokeTestMethods(TestMethodWorker.java:129)
	at org.testng.internal.TestMethodWorker.run(TestMethodWorker.java:112)
	at org.testng.TestRunner.privateRun(TestRunner.java:782)
	at org.testng.TestRunner.run(TestRunner.java:632)
	at org.testng.SuiteRunner.runTest(SuiteRunner.java:366)
	at org.testng.SuiteRunner.access$000(SuiteRunner.java:39)
	at org.testng.SuiteRunner$SuiteWorker.run(SuiteRunner.java:400)
	at org.testng.internal.thread.ThreadUtil$2.call(ThreadUtil.java:64)
	at java.util.concurrent.FutureTask.run(FutureTask.java:266)
	at java.util.concurrent.ThreadPoolExecutor.runWorker(ThreadPoolExecutor.java:1142)
	at java.util.concurrent.ThreadPoolExecutor$Worker.run(ThreadPoolExecutor.java:617)
	at java.lang.Thread.run(Thread.java:745)
]]>
            </full-stacktrace>
          </exception> <!-- org.testng.SkipException -->
          <reporter-output>
          </reporter-output>
        </test-method> <!-- successfullAccountCreationValidation -->
        <test-method status="PASS" signature="afterMethod(org.testng.ITestResult)[pri:0, instance:com.test.automation.uiAutomation.AuthPageValidation.accountCreateionValidation@27ae2fd0]" name="afterMethod" is-config="true" duration-ms="1" started-at="2018-06-25T20:09:37Z" finished-at="2018-06-25T20:09:37Z">
          <params>
            <param index="0">
              <value>
                <![CDATA[[TestResult name=successfullAccountCreationValidation status=SKIP method=accountCreateionValidation.successfullAccountCreationValidation(java.lang.String, java.lang.String, java.lang.String, java.lang.String, java.lang.String, java.lang.String, java.lang.String, java.lang.String, java.lang.String, java.lang.String, java.lang.String, java.lang.String, java.lang.String, java.lang.String, java.lang.String, java.lang.String)[pri:0, instance:com.test.automation.uiAutomation.AuthPageValidation.accountCreateionValidation@27ae2fd0] output={null}]]]>
              </value>
            </param>
          </params>
          <reporter-output>
          </reporter-output>
        </test-method> <!-- afterMethod -->
        <test-method status="SKIP" signature="successfullAccountCreationValidation(java.lang.String, java.lang.String, java.lang.String, java.lang.String, java.lang.String, java.lang.String, java.lang.String, java.lang.String, java.lang.String, java.lang.String, java.lang.String, java.lang.String, java.lang.String, java.lang.String, java.lang.String, java.lang.String)[pri:0, instance:com.test.automation.uiAutomation.AuthPageValidation.accountCreateionValidation@27ae2fd0]" name="successfullAccountCreationValidation" duration-ms="1" started-at="2018-06-25T20:09:37Z" data-provider="AccountCreationData" finished-at="2018-06-25T20:09:37Z">
          <params>
            <param index="0">
              <value>
                <![CDATA[Sau97601@gmail.com]]>
              </value>
            </param>
            <param index="1">
              <value>
                <![CDATA[Female]]>
              </value>
            </param>
            <param index="2">
              <value>
                <![CDATA[FNU]]>
              </value>
            </param>
            <param index="3">
              <value>
                <![CDATA[Bharathi]]>
              </value>
            </param>
            <param index="4">
              <value>
                <![CDATA[Shriya1@2015]]>
              </value>
            </param>
            <param index="5">
              <value>
                <![CDATA[8.0]]>
              </value>
            </param>
            <param index="6">
              <value>
                <![CDATA[6.0]]>
              </value>
            </param>
            <param index="7">
              <value>
                <![CDATA[1986.0]]>
              </value>
            </param>
            <param index="8">
              <value>
                <![CDATA[5630 N Sheridan]]>
              </value>
            </param>
            <param index="9">
              <value>
                <![CDATA[Chicago]]>
              </value>
            </param>
            <param index="10">
              <value>
                <![CDATA[60661.0]]>
              </value>
            </param>
            <param index="11">
              <value>
                <![CDATA[Illinois]]>
              </value>
            </param>
            <param index="12">
              <value>
                <![CDATA[21.0]]>
              </value>
            </param>
            <param index="13">
              <value>
                <![CDATA[1.112223334E9]]>
              </value>
            </param>
            <param index="14">
              <value>
                <![CDATA[Home]]>
              </value>
            </param>
            <param index="15">
              <value>
                <![CDATA[N]]>
              </value>
            </param>
          </params>
          <exception class="org.testng.SkipException">
            <message>
              <![CDATA[User has marked this test as no run.]]>
            </message>
            <full-stacktrace>
              <![CDATA[org.testng.SkipException: User has marked this test as no run.
	at com.test.automation.uiAutomation.AuthPageValidation.accountCreateionValidation.successfullAccountCreationValidation(accountCreateionValidation.java:37)
	at sun.reflect.NativeMethodAccessorImpl.invoke0(Native Method)
	at sun.reflect.NativeMethodAccessorImpl.invoke(NativeMethodAccessorImpl.java:62)
	at sun.reflect.DelegatingMethodAccessorImpl.invoke(DelegatingMethodAccessorImpl.java:43)
	at java.lang.reflect.Method.invoke(Method.java:497)
	at org.testng.internal.MethodInvocationHelper.invokeMethod(MethodInvocationHelper.java:86)
	at org.testng.internal.Invoker.invokeMethod(Invoker.java:643)
	at org.testng.internal.Invoker.invokeTestMethod(Invoker.java:820)
	at org.testng.internal.Invoker.invokeTestMethods(Invoker.java:1128)
	at org.testng.internal.TestMethodWorker.invokeTestMethods(TestMethodWorker.java:129)
	at org.testng.internal.TestMethodWorker.run(TestMethodWorker.java:112)
	at org.testng.TestRunner.privateRun(TestRunner.java:782)
	at org.testng.TestRunner.run(TestRunner.java:632)
	at org.testng.SuiteRunner.runTest(SuiteRunner.java:366)
	at org.testng.SuiteRunner.access$000(SuiteRunner.java:39)
	at org.testng.SuiteRunner$SuiteWorker.run(SuiteRunner.java:400)
	at org.testng.internal.thread.ThreadUtil$2.call(ThreadUtil.java:64)
	at java.util.concurrent.FutureTask.run(FutureTask.java:266)
	at java.util.concurrent.ThreadPoolExecutor.runWorker(ThreadPoolExecutor.java:1142)
	at java.util.concurrent.ThreadPoolExecutor$Worker.run(ThreadPoolExecutor.java:617)
	at java.lang.Thread.run(Thread.java:745)
]]>
            </full-stacktrace>
          </exception> <!-- org.testng.SkipException -->
          <reporter-output>
          </reporter-output>
        </test-method> <!-- successfullAccountCreationValidation -->
        <test-method status="PASS" signature="beforeMethod(java.lang.reflect.Method)[pri:0, instance:com.test.automation.uiAutomation.AuthPageValidation.accountCreateionValidation@27ae2fd0]" name="beforeMethod" is-config="true" duration-ms="0" started-at="2018-06-25T20:09:37Z" finished-at="2018-06-25T20:09:37Z">
          <params>
            <param index="0">
              <value>
                <![CDATA[public void com.test.automation.uiAutomation.AuthPageValidation.accountCreateionValidation.successfullAccountCreationValidation(java.lang.String,java.lang.String,java.lang.String,java.lang.String,java.lang.String,java.lang.String,java.lang.String,java.lang.String,java.lang.String,java.lang.String,java.lang.String,java.lang.String,java.lang.String,java.lang.String,java.lang.String,java.lang.String)]]>
              </value>
            </param>
          </params>
          <reporter-output>
          </reporter-output>
        </test-method> <!-- beforeMethod -->
        <test-method status="PASS" signature="afterMethod(org.testng.ITestResult)[pri:0, instance:com.test.automation.uiAutomation.AuthPageValidation.accountCreateionValidation@27ae2fd0]" name="afterMethod" is-config="true" duration-ms="0" started-at="2018-06-25T20:09:37Z" finished-at="2018-06-25T20:09:37Z">
          <params>
            <param index="0">
              <value>
                <![CDATA[[TestResult name=successfullAccountCreationValidation status=SKIP method=accountCreateionValidation.successfullAccountCreationValidation(java.lang.String, java.lang.String, java.lang.String, java.lang.String, java.lang.String, java.lang.String, java.lang.String, java.lang.String, java.lang.String, java.lang.String, java.lang.String, java.lang.String, java.lang.String, java.lang.String, java.lang.String, java.lang.String)[pri:0, instance:com.test.automation.uiAutomation.AuthPageValidation.accountCreateionValidation@27ae2fd0] output={null}]]]>
              </value>
            </param>
          </params>
          <reporter-output>
          </reporter-output>
        </test-method> <!-- afterMethod -->
        <test-method status="SKIP" signature="successfullAccountCreationValidation(java.lang.String, java.lang.String, java.lang.String, java.lang.String, java.lang.String, java.lang.String, java.lang.String, java.lang.String, java.lang.String, java.lang.String, java.lang.String, java.lang.String, java.lang.String, java.lang.String, java.lang.String, java.lang.String)[pri:0, instance:com.test.automation.uiAutomation.AuthPageValidation.accountCreateionValidation@27ae2fd0]" name="successfullAccountCreationValidation" duration-ms="1" started-at="2018-06-25T20:09:37Z" data-provider="AccountCreationData" finished-at="2018-06-25T20:09:37Z">
          <params>
            <param index="0">
              <value>
                <![CDATA[sa@gmail.com]]>
              </value>
            </param>
            <param index="1">
              <value>
                <![CDATA[Female]]>
              </value>
            </param>
            <param index="2">
              <value>
                <![CDATA[Shriya]]>
              </value>
            </param>
            <param index="3">
              <value>
                <![CDATA[Sharma]]>
              </value>
            </param>
            <param index="4">
              <value>
                <![CDATA[Shriya1@2015]]>
              </value>
            </param>
            <param index="5">
              <value>
                <![CDATA[28]]>
              </value>
            </param>
            <param index="6">
              <value>
                <![CDATA[8.0]]>
              </value>
            </param>
            <param index="7">
              <value>
                <![CDATA[2015.0]]>
              </value>
            </param>
            <param index="8">
              <value>
                <![CDATA[5630 N Sheridan]]>
              </value>
            </param>
            <param index="9">
              <value>
                <![CDATA[Chicago]]>
              </value>
            </param>
            <param index="10">
              <value>
                <![CDATA[60661.0]]>
              </value>
            </param>
            <param index="11">
              <value>
                <![CDATA[Illinois]]>
              </value>
            </param>
            <param index="12">
              <value>
                <![CDATA[21.0]]>
              </value>
            </param>
            <param index="13">
              <value>
                <![CDATA[1.112223334E9]]>
              </value>
            </param>
            <param index="14">
              <value>
                <![CDATA[Home]]>
              </value>
            </param>
            <param index="15">
              <value>
                <![CDATA[N]]>
              </value>
            </param>
          </params>
          <exception class="org.testng.SkipException">
            <message>
              <![CDATA[User has marked this test as no run.]]>
            </message>
            <full-stacktrace>
              <![CDATA[org.testng.SkipException: User has marked this test as no run.
	at com.test.automation.uiAutomation.AuthPageValidation.accountCreateionValidation.successfullAccountCreationValidation(accountCreateionValidation.java:37)
	at sun.reflect.NativeMethodAccessorImpl.invoke0(Native Method)
	at sun.reflect.NativeMethodAccessorImpl.invoke(NativeMethodAccessorImpl.java:62)
	at sun.reflect.DelegatingMethodAccessorImpl.invoke(DelegatingMethodAccessorImpl.java:43)
	at java.lang.reflect.Method.invoke(Method.java:497)
	at org.testng.internal.MethodInvocationHelper.invokeMethod(MethodInvocationHelper.java:86)
	at org.testng.internal.Invoker.invokeMethod(Invoker.java:643)
	at org.testng.internal.Invoker.invokeTestMethod(Invoker.java:820)
	at org.testng.internal.Invoker.invokeTestMethods(Invoker.java:1128)
	at org.testng.internal.TestMethodWorker.invokeTestMethods(TestMethodWorker.java:129)
	at org.testng.internal.TestMethodWorker.run(TestMethodWorker.java:112)
	at org.testng.TestRunner.privateRun(TestRunner.java:782)
	at org.testng.TestRunner.run(TestRunner.java:632)
	at org.testng.SuiteRunner.runTest(SuiteRunner.java:366)
	at org.testng.SuiteRunner.access$000(SuiteRunner.java:39)
	at org.testng.SuiteRunner$SuiteWorker.run(SuiteRunner.java:400)
	at org.testng.internal.thread.ThreadUtil$2.call(ThreadUtil.java:64)
	at java.util.concurrent.FutureTask.run(FutureTask.java:266)
	at java.util.concurrent.ThreadPoolExecutor.runWorker(ThreadPoolExecutor.java:1142)
	at java.util.concurrent.ThreadPoolExecutor$Worker.run(ThreadPoolExecutor.java:617)
	at java.lang.Thread.run(Thread.java:745)
]]>
            </full-stacktrace>
          </exception> <!-- org.testng.SkipException -->
          <reporter-output>
          </reporter-output>
        </test-method> <!-- successfullAccountCreationValidation -->
        <test-method status="PASS" signature="beforeMethod(java.lang.reflect.Method)[pri:0, instance:com.test.automation.uiAutomation.AuthPageValidation.accountCreateionValidation@27ae2fd0]" name="beforeMethod" is-config="true" duration-ms="0" started-at="2018-06-25T20:09:37Z" finished-at="2018-06-25T20:09:37Z">
          <params>
            <param index="0">
              <value>
                <![CDATA[public void com.test.automation.uiAutomation.AuthPageValidation.accountCreateionValidation.successfullAccountCreationValidation(java.lang.String,java.lang.String,java.lang.String,java.lang.String,java.lang.String,java.lang.String,java.lang.String,java.lang.String,java.lang.String,java.lang.String,java.lang.String,java.lang.String,java.lang.String,java.lang.String,java.lang.String,java.lang.String)]]>
              </value>
            </param>
          </params>
          <reporter-output>
          </reporter-output>
        </test-method> <!-- beforeMethod -->
        <test-method status="SKIP" signature="successfullAccountCreationValidation(java.lang.String, java.lang.String, java.lang.String, java.lang.String, java.lang.String, java.lang.String, java.lang.String, java.lang.String, java.lang.String, java.lang.String, java.lang.String, java.lang.String, java.lang.String, java.lang.String, java.lang.String, java.lang.String)[pri:0, instance:com.test.automation.uiAutomation.AuthPageValidation.accountCreateionValidation@27ae2fd0]" name="successfullAccountCreationValidation" duration-ms="1" started-at="2018-06-25T20:09:37Z" data-provider="AccountCreationData" finished-at="2018-06-25T20:09:37Z">
          <params>
            <param index="0">
              <value>
                <![CDATA[test123@gmail.com]]>
              </value>
            </param>
            <param index="1">
              <value>
                <![CDATA[male]]>
              </value>
            </param>
            <param index="2">
              <value>
                <![CDATA[Gaurav]]>
              </value>
            </param>
            <param index="3">
              <value>
                <![CDATA[Sharma]]>
              </value>
            </param>
            <param index="4">
              <value>
                <![CDATA[Shriya1@2015]]>
              </value>
            </param>
            <param index="5">
              <value>
                <![CDATA[22]]>
              </value>
            </param>
            <param index="6">
              <value>
                <![CDATA[7.0]]>
              </value>
            </param>
            <param index="7">
              <value>
                <![CDATA[1985.0]]>
              </value>
            </param>
            <param index="8">
              <value>
                <![CDATA[5630 N Sheridan]]>
              </value>
            </param>
            <param index="9">
              <value>
                <![CDATA[Chicago]]>
              </value>
            </param>
            <param index="10">
              <value>
                <![CDATA[60661.0]]>
              </value>
            </param>
            <param index="11">
              <value>
                <![CDATA[Illinois]]>
              </value>
            </param>
            <param index="12">
              <value>
                <![CDATA[21.0]]>
              </value>
            </param>
            <param index="13">
              <value>
                <![CDATA[1.112223334E9]]>
              </value>
            </param>
            <param index="14">
              <value>
                <![CDATA[Home]]>
              </value>
            </param>
            <param index="15">
              <value>
                <![CDATA[N]]>
              </value>
            </param>
          </params>
          <exception class="org.testng.SkipException">
            <message>
              <![CDATA[User has marked this test as no run.]]>
            </message>
            <full-stacktrace>
              <![CDATA[org.testng.SkipException: User has marked this test as no run.
	at com.test.automation.uiAutomation.AuthPageValidation.accountCreateionValidation.successfullAccountCreationValidation(accountCreateionValidation.java:37)
	at sun.reflect.NativeMethodAccessorImpl.invoke0(Native Method)
	at sun.reflect.NativeMethodAccessorImpl.invoke(NativeMethodAccessorImpl.java:62)
	at sun.reflect.DelegatingMethodAccessorImpl.invoke(DelegatingMethodAccessorImpl.java:43)
	at java.lang.reflect.Method.invoke(Method.java:497)
	at org.testng.internal.MethodInvocationHelper.invokeMethod(MethodInvocationHelper.java:86)
	at org.testng.internal.Invoker.invokeMethod(Invoker.java:643)
	at org.testng.internal.Invoker.invokeTestMethod(Invoker.java:820)
	at org.testng.internal.Invoker.invokeTestMethods(Invoker.java:1128)
	at org.testng.internal.TestMethodWorker.invokeTestMethods(TestMethodWorker.java:129)
	at org.testng.internal.TestMethodWorker.run(TestMethodWorker.java:112)
	at org.testng.TestRunner.privateRun(TestRunner.java:782)
	at org.testng.TestRunner.run(TestRunner.java:632)
	at org.testng.SuiteRunner.runTest(SuiteRunner.java:366)
	at org.testng.SuiteRunner.access$000(SuiteRunner.java:39)
	at org.testng.SuiteRunner$SuiteWorker.run(SuiteRunner.java:400)
	at org.testng.internal.thread.ThreadUtil$2.call(ThreadUtil.java:64)
	at java.util.concurrent.FutureTask.run(FutureTask.java:266)
	at java.util.concurrent.ThreadPoolExecutor.runWorker(ThreadPoolExecutor.java:1142)
	at java.util.concurrent.ThreadPoolExecutor$Worker.run(ThreadPoolExecutor.java:617)
	at java.lang.Thread.run(Thread.java:745)
]]>
            </full-stacktrace>
          </exception> <!-- org.testng.SkipException -->
          <reporter-output>
          </reporter-output>
        </test-method> <!-- successfullAccountCreationValidation -->
        <test-method status="PASS" signature="beforeMethod(java.lang.reflect.Method)[pri:0, instance:com.test.automation.uiAutomation.AuthPageValidation.accountCreateionValidation@27ae2fd0]" name="beforeMethod" is-config="true" duration-ms="0" started-at="2018-06-25T20:09:37Z" finished-at="2018-06-25T20:09:37Z">
          <params>
            <param index="0">
              <value>
                <![CDATA[public void com.test.automation.uiAutomation.AuthPageValidation.accountCreateionValidation.successfullAccountCreationValidation(java.lang.String,java.lang.String,java.lang.String,java.lang.String,java.lang.String,java.lang.String,java.lang.String,java.lang.String,java.lang.String,java.lang.String,java.lang.String,java.lang.String,java.lang.String,java.lang.String,java.lang.String,java.lang.String)]]>
              </value>
            </param>
          </params>
          <reporter-output>
          </reporter-output>
        </test-method> <!-- beforeMethod -->
        <test-method status="PASS" signature="afterMethod(org.testng.ITestResult)[pri:0, instance:com.test.automation.uiAutomation.AuthPageValidation.accountCreateionValidation@27ae2fd0]" name="afterMethod" is-config="true" duration-ms="0" started-at="2018-06-25T20:09:37Z" finished-at="2018-06-25T20:09:37Z">
          <params>
            <param index="0">
              <value>
                <![CDATA[[TestResult name=successfullAccountCreationValidation status=SKIP method=accountCreateionValidation.successfullAccountCreationValidation(java.lang.String, java.lang.String, java.lang.String, java.lang.String, java.lang.String, java.lang.String, java.lang.String, java.lang.String, java.lang.String, java.lang.String, java.lang.String, java.lang.String, java.lang.String, java.lang.String, java.lang.String, java.lang.String)[pri:0, instance:com.test.automation.uiAutomation.AuthPageValidation.accountCreateionValidation@27ae2fd0] output={null}]]]>
              </value>
            </param>
          </params>
          <reporter-output>
          </reporter-output>
        </test-method> <!-- afterMethod -->
        <test-method status="PASS" signature="beforeMethod(java.lang.reflect.Method)[pri:0, instance:com.test.automation.uiAutomation.AuthPageValidation.accountCreateionValidation@27ae2fd0]" name="beforeMethod" is-config="true" duration-ms="1" started-at="2018-06-25T20:09:37Z" finished-at="2018-06-25T20:09:37Z">
          <params>
            <param index="0">
              <value>
                <![CDATA[public void com.test.automation.uiAutomation.AuthPageValidation.accountCreateionValidation.successfullAccountCreationValidation(java.lang.String,java.lang.String,java.lang.String,java.lang.String,java.lang.String,java.lang.String,java.lang.String,java.lang.String,java.lang.String,java.lang.String,java.lang.String,java.lang.String,java.lang.String,java.lang.String,java.lang.String,java.lang.String)]]>
              </value>
            </param>
          </params>
          <reporter-output>
          </reporter-output>
        </test-method> <!-- beforeMethod -->
        <test-method status="PASS" signature="afterMethod(org.testng.ITestResult)[pri:0, instance:com.test.automation.uiAutomation.AuthPageValidation.accountCreateionValidation@27ae2fd0]" name="afterMethod" is-config="true" duration-ms="0" started-at="2018-06-25T20:09:37Z" finished-at="2018-06-25T20:09:37Z">
          <params>
            <param index="0">
              <value>
                <![CDATA[[TestResult name=successfullAccountCreationValidation status=SKIP method=accountCreateionValidation.successfullAccountCreationValidation(java.lang.String, java.lang.String, java.lang.String, java.lang.String, java.lang.String, java.lang.String, java.lang.String, java.lang.String, java.lang.String, java.lang.String, java.lang.String, java.lang.String, java.lang.String, java.lang.String, java.lang.String, java.lang.String)[pri:0, instance:com.test.automation.uiAutomation.AuthPageValidation.accountCreateionValidation@27ae2fd0] output={null}]]]>
              </value>
            </param>
          </params>
          <reporter-output>
          </reporter-output>
        </test-method> <!-- afterMethod -->
        <test-method status="SKIP" signature="successfullAccountCreationValidation(java.lang.String, java.lang.String, java.lang.String, java.lang.String, java.lang.String, java.lang.String, java.lang.String, java.lang.String, java.lang.String, java.lang.String, java.lang.String, java.lang.String, java.lang.String, java.lang.String, java.lang.String, java.lang.String)[pri:0, instance:com.test.automation.uiAutomation.AuthPageValidation.accountCreateionValidation@27ae2fd0]" name="successfullAccountCreationValidation" duration-ms="0" started-at="2018-06-25T20:09:37Z" data-provider="AccountCreationData" finished-at="2018-06-25T20:09:37Z">
          <params>
            <param index="0">
              <value>
                <![CDATA[test124@gmail.com]]>
              </value>
            </param>
            <param index="1">
              <value>
                <![CDATA[male]]>
              </value>
            </param>
            <param index="2">
              <value>
                <![CDATA[Vabhav]]>
              </value>
            </param>
            <param index="3">
              <value>
                <![CDATA[Sharma]]>
              </value>
            </param>
            <param index="4">
              <value>
                <![CDATA[Shriya1@2015]]>
              </value>
            </param>
            <param index="5">
              <value>
                <![CDATA[6]]>
              </value>
            </param>
            <param index="6">
              <value>
                <![CDATA[3.0]]>
              </value>
            </param>
            <param index="7">
              <value>
                <![CDATA[1985.0]]>
              </value>
            </param>
            <param index="8">
              <value>
                <![CDATA[5630 N Sheridan]]>
              </value>
            </param>
            <param index="9">
              <value>
                <![CDATA[Chicago]]>
              </value>
            </param>
            <param index="10">
              <value>
                <![CDATA[60661.0]]>
              </value>
            </param>
            <param index="11">
              <value>
                <![CDATA[Illinois]]>
              </value>
            </param>
            <param index="12">
              <value>
                <![CDATA[21.0]]>
              </value>
            </param>
            <param index="13">
              <value>
                <![CDATA[1.112223334E9]]>
              </value>
            </param>
            <param index="14">
              <value>
                <![CDATA[Home]]>
              </value>
            </param>
            <param index="15">
              <value>
                <![CDATA[N]]>
              </value>
            </param>
          </params>
          <exception class="org.testng.SkipException">
            <message>
              <![CDATA[User has marked this test as no run.]]>
            </message>
            <full-stacktrace>
              <![CDATA[org.testng.SkipException: User has marked this test as no run.
	at com.test.automation.uiAutomation.AuthPageValidation.accountCreateionValidation.successfullAccountCreationValidation(accountCreateionValidation.java:37)
	at sun.reflect.NativeMethodAccessorImpl.invoke0(Native Method)
	at sun.reflect.NativeMethodAccessorImpl.invoke(NativeMethodAccessorImpl.java:62)
	at sun.reflect.DelegatingMethodAccessorImpl.invoke(DelegatingMethodAccessorImpl.java:43)
	at java.lang.reflect.Method.invoke(Method.java:497)
	at org.testng.internal.MethodInvocationHelper.invokeMethod(MethodInvocationHelper.java:86)
	at org.testng.internal.Invoker.invokeMethod(Invoker.java:643)
	at org.testng.internal.Invoker.invokeTestMethod(Invoker.java:820)
	at org.testng.internal.Invoker.invokeTestMethods(Invoker.java:1128)
	at org.testng.internal.TestMethodWorker.invokeTestMethods(TestMethodWorker.java:129)
	at org.testng.internal.TestMethodWorker.run(TestMethodWorker.java:112)
	at org.testng.TestRunner.privateRun(TestRunner.java:782)
	at org.testng.TestRunner.run(TestRunner.java:632)
	at org.testng.SuiteRunner.runTest(SuiteRunner.java:366)
	at org.testng.SuiteRunner.access$000(SuiteRunner.java:39)
	at org.testng.SuiteRunner$SuiteWorker.run(SuiteRunner.java:400)
	at org.testng.internal.thread.ThreadUtil$2.call(ThreadUtil.java:64)
	at java.util.concurrent.FutureTask.run(FutureTask.java:266)
	at java.util.concurrent.ThreadPoolExecutor.runWorker(ThreadPoolExecutor.java:1142)
	at java.util.concurrent.ThreadPoolExecutor$Worker.run(ThreadPoolExecutor.java:617)
	at java.lang.Thread.run(Thread.java:745)
]]>
            </full-stacktrace>
          </exception> <!-- org.testng.SkipException -->
          <reporter-output>
          </reporter-output>
        </test-method> <!-- successfullAccountCreationValidation -->
        <test-method status="PASS" signature="afterMethod(org.testng.ITestResult)[pri:0, instance:com.test.automation.uiAutomation.AuthPageValidation.accountCreateionValidation@27ae2fd0]" name="afterMethod" is-config="true" duration-ms="0" started-at="2018-06-25T20:09:37Z" finished-at="2018-06-25T20:09:37Z">
          <params>
            <param index="0">
              <value>
                <![CDATA[[TestResult name=successfullAccountCreationValidation status=SKIP method=accountCreateionValidation.successfullAccountCreationValidation(java.lang.String, java.lang.String, java.lang.String, java.lang.String, java.lang.String, java.lang.String, java.lang.String, java.lang.String, java.lang.String, java.lang.String, java.lang.String, java.lang.String, java.lang.String, java.lang.String, java.lang.String, java.lang.String)[pri:0, instance:com.test.automation.uiAutomation.AuthPageValidation.accountCreateionValidation@27ae2fd0] output={null}]]]>
              </value>
            </param>
          </params>
          <reporter-output>
          </reporter-output>
        </test-method> <!-- afterMethod -->
        <test-method status="PASS" signature="endTest()[pri:0, instance:com.test.automation.uiAutomation.AuthPageValidation.accountCreateionValidation@27ae2fd0]" name="endTest" is-config="true" duration-ms="391" started-at="2018-06-25T20:09:37Z" finished-at="2018-06-25T20:09:37Z">
          <reporter-output>
          </reporter-output>
        </test-method> <!-- endTest -->
      </class> <!-- com.test.automation.uiAutomation.AuthPageValidation.accountCreateionValidation -->
    </test> <!-- AuthPageValidation -->
  </suite> <!-- Suite -->
</testng-results>
